[35m[Appium][39m Welcome to Appium v1.22.3
[35m[Appium][39m Non-default server args:
[35m[Appium][39m   port: 51890
[35m[Appium][39m   loglevel: info
[35m[Appium][39m   tmpDir: C:\Users\BRI\AppData\Local\Temp\\Katalon\Appium\Temp1670750039486
[35m[Appium][39m   chromedriverPort: 51891
[35m[Appium][39m Deprecated server args:
[35m[Appium][39m   [31m--chromedriver-port[39m => --default-capabilities
[35m[Appium][39m Default capabilities, which will be added to each request unless overridden by desired capabilities:
[35m[Appium][39m   chromedriverPort: 51891
[35m[Appium][39m Appium REST http interface listener started on 0.0.0.0:51890
[35m[HTTP][39m [37m-->[39m [37mGET[39m [37m/wd/hub/status[39m
[35m[HTTP][39m [90m{}[39m
[35m[HTTP][39m [37m<-- GET /wd/hub/status [39m[32m200[39m [90m14 ms - 68[39m
[35m[HTTP][39m [90m[39m
[35m[HTTP][39m [37m-->[39m [37mGET[39m [37m/wd/hub/status[39m
[35m[HTTP][39m [90m{}[39m
[35m[HTTP][39m [37m<-- GET /wd/hub/status [39m[32m200[39m [90m1 ms - 68[39m
[35m[HTTP][39m [90m[39m
[35m[HTTP][39m [37m-->[39m [37mPOST[39m [37m/wd/hub/session[39m
[35m[HTTP][39m [90m{"desiredCapabilities":{"appPackage":"com.android.settings","deviceId":"RRCT3046DNF","deviceName":"samsung SM-A528B (Android 12)","platform":"ANDROID","appActivity":".Settings","newCommandTimeout":1800,"platformVersion":"12","automationName":"uiautomator2","autoGrantPermissions":true,"platformName":"Android","udid":"RRCT3046DNF","systemPort":8212},"capabilities":{"firstMatch":[{"appium:appActivity":".Settings","appium:appPackage":"com.android.settings","appium:autoGrantPermissions":true,"appium:automationName":"uiautomator2","deviceId":"RRCT3046DNF","appium:deviceName":"samsung SM-A528B (Android 12)","appium:newCommandTimeout":1800,"platform":"ANDROID","platformName":"android","appium:platformVersion":"12","appium:systemPort":8212,"appium:udid":"RRCT3046DNF"}]}}[39m
[35m[BaseDriver][39m The following capabilities are not standard capabilities and should have an extension prefix:
[35m[BaseDriver][39m   deviceId
[35m[BaseDriver][39m   platform
[35m[BaseDriver][39m   chromedriverPort
[35m[Appium][39m Appium v1.22.3 creating new AndroidUiautomator2Driver (v1.70.1) session
[35m[BaseDriver][39m The following capabilities were provided, but are not recognized by Appium:
[35m[BaseDriver][39m   deviceId
[35m[BaseDriver][39m   platform
[35m[BaseDriver][39m Session created with session id: 172bb6b7-e706-4bf2-8496-ec47212421c9
[35m[UiAutomator2][39m Starting 'com.android.settings' directly on the device
[35m[ADB][39m Found 1 'build-tools' folders under 'C:\Users\BRI\.katalon\tools\android_sdk' (newest first):
[35m[ADB][39m     C:/Users/BRI/.katalon/tools/android_sdk/build-tools/29.0.3
[35m[ADB][39m Using 'adb.exe' from 'C:\Users\BRI\.katalon\tools\android_sdk\platform-tools\adb.exe'
[35m[AndroidDriver][39m Retrieving device list
[35m[AndroidDriver][39m Using device: RRCT3046DNF
[35m[ADB][39m Using 'adb.exe' from 'C:\Users\BRI\.katalon\tools\android_sdk\platform-tools\adb.exe'
[35m[ADB][39m Getting device platform version
[35m[UiAutomator2][39m Relaxing hidden api policy
[35m[AndroidDriver][39m No app sent in, not parsing package/activity
[35m[ADB][39m Using 'apksigner.jar' from 'C:\Users\BRI\.katalon\tools\android_sdk\build-tools\29.0.3\lib\apksigner.jar'
[35m[ADB][39m 'C:\Users\BRI\AppData\Roaming\npm\node_modules\appium\node_modules\appium-uiautomator2-server\apks\appium-uiautomator2-server-v4.27.0.apk' is signed with the default certificate
[35m[ADB][39m 'C:\Users\BRI\AppData\Roaming\npm\node_modules\appium\node_modules\appium-uiautomator2-server\apks\appium-uiautomator2-server-debug-androidTest.apk' is signed with the default certificate
[35m[UiAutomator2][39m Server packages are not going to be (re)installed
[35m[ADB][39m Adding packages ["io.appium.settings","io.appium.uiautomator2.server","io.appium.uiautomator2.server.test"] to Doze whitelist
[35m[ADB][39m com.android.settings contains no permissions available for granting
[35m[UiAutomator2][39m Starting UIAutomator2 server 4.27.0
[35m[UiAutomator2][39m Using UIAutomator2 server from 'C:\Users\BRI\AppData\Roaming\npm\node_modules\appium\node_modules\appium-uiautomator2-server\apks\appium-uiautomator2-server-v4.27.0.apk' and test from 'C:\Users\BRI\AppData\Roaming\npm\node_modules\appium\node_modules\appium-uiautomator2-server\apks\appium-uiautomator2-server-debug-androidTest.apk'
[35m[UiAutomator2][39m Waiting up to 30000ms for UiAutomator2 to be online...
[35m[WD Proxy][39m socket hang up
[35m[WD Proxy][39m socket hang up
[35m[WD Proxy][39m Determined the downstream protocol as 'W3C'
[35m[AndroidDriver][39m Screen already unlocked, doing nothing
[35m[UiAutomator2][39m Starting 'com.android.settings/.Settings and waiting for 'com.android.settings/.Settings'
[35m[Appium][39m New AndroidUiautomator2Driver session created successfully, session 172bb6b7-e706-4bf2-8496-ec47212421c9 added to master session list
[35m[HTTP][39m [37m<-- POST /wd/hub/session [39m[32m200[39m [90m11045 ms - 1208[39m
[35m[HTTP][39m [90m[39m
[35m[HTTP][39m [37m-->[39m [37mGET[39m [37m/wd/hub/session/172bb6b7-e706-4bf2-8496-ec47212421c9[39m
[35m[HTTP][39m [90m{}[39m
[35m[HTTP][39m [37m<-- GET /wd/hub/session/172bb6b7-e706-4bf2-8496-ec47212421c9 [39m[32m200[39m [90m23 ms - 1162[39m
[35m[HTTP][39m [90m[39m
[35m[HTTP][39m [37m-->[39m [37mGET[39m [37m/wd/hub/session/172bb6b7-e706-4bf2-8496-ec47212421c9[39m
[35m[HTTP][39m [90m{}[39m
[35m[HTTP][39m [37m<-- GET /wd/hub/session/172bb6b7-e706-4bf2-8496-ec47212421c9 [39m[32m200[39m [90m14 ms - 1162[39m
[35m[HTTP][39m [90m[39m
[35m[HTTP][39m [37m-->[39m [37mGET[39m [37m/wd/hub/status[39m
[35m[HTTP][39m [90m{}[39m
[35m[HTTP][39m [37m<-- GET /wd/hub/status [39m[32m200[39m [90m1 ms - 68[39m
[35m[HTTP][39m [90m[39m
[35m[HTTP][39m [37m-->[39m [37mPOST[39m [37m/wd/hub/session/172bb6b7-e706-4bf2-8496-ec47212421c9/timeouts[39m
[35m[HTTP][39m [90m{"implicit":60000}[39m
[35m[HTTP][39m [37m<-- POST /wd/hub/session/172bb6b7-e706-4bf2-8496-ec47212421c9/timeouts [39m[32m200[39m [90m4 ms - 14[39m
[35m[HTTP][39m [90m[39m
[35m[HTTP][39m [37m-->[39m [37mGET[39m [37m/wd/hub/session/172bb6b7-e706-4bf2-8496-ec47212421c9/screenshot[39m
[35m[HTTP][39m [90m{}[39m
[35m[HTTP][39m [37m<-- GET /wd/hub/session/172bb6b7-e706-4bf2-8496-ec47212421c9/screenshot [39m[32m200[39m [90m367 ms - 224736[39m
[35m[HTTP][39m [90m[39m
[35m[HTTP][39m [37m-->[39m [37mGET[39m [37m/wd/hub/session/172bb6b7-e706-4bf2-8496-ec47212421c9/window/rect[39m
[35m[HTTP][39m [90m{}[39m
[35m[HTTP][39m [37m<-- GET /wd/hub/session/172bb6b7-e706-4bf2-8496-ec47212421c9/window/rect [39m[32m200[39m [90m16 ms - 50[39m
[35m[HTTP][39m [90m[39m
[35m[HTTP][39m [37m-->[39m [37mGET[39m [37m/wd/hub/session/172bb6b7-e706-4bf2-8496-ec47212421c9/appium/device/system_bars[39m
[35m[HTTP][39m [90m{}[39m
[35m[HTTP][39m [37m<-- GET /wd/hub/session/172bb6b7-e706-4bf2-8496-ec47212421c9/appium/device/system_bars [39m[32m200[39m [90m141 ms - 145[39m
[35m[HTTP][39m [90m[39m
[35m[HTTP][39m [37m-->[39m [37mPOST[39m [37m/wd/hub/session/172bb6b7-e706-4bf2-8496-ec47212421c9/appium/device/activate_app[39m
[35m[HTTP][39m [90m{"bundleId":"com.solodroid.solomerce"}[39m
[35m[HTTP][39m [37m<-- POST /wd/hub/session/172bb6b7-e706-4bf2-8496-ec47212421c9/appium/device/activate_app [39m[32m200[39m [90m447 ms - 14[39m
[35m[HTTP][39m [90m[39m
[35m[HTTP][39m [37m-->[39m [37mGET[39m [37m/wd/hub/session/172bb6b7-e706-4bf2-8496-ec47212421c9/source[39m
[35m[HTTP][39m [90m{}[39m
[35m[W3C (172bb6b7)][39m Driver proxy active, passing request on via HTTP proxy
[35m[WD Proxy][39m Replacing sessionId 6f0f349d-b104-4fa5-90e2-5a99cba18cd9 with 172bb6b7-e706-4bf2-8496-ec47212421c9
[35m[HTTP][39m [37m<-- GET /wd/hub/session/172bb6b7-e706-4bf2-8496-ec47212421c9/source [39m[32m200[39m [90m560 ms - 17877[39m
[35m[HTTP][39m [90m[39m
[35m[HTTP][39m [37m-->[39m [37mGET[39m [37m/wd/hub/session/172bb6b7-e706-4bf2-8496-ec47212421c9/screenshot[39m
[35m[HTTP][39m [90m{}[39m
[35m[HTTP][39m [37m<-- GET /wd/hub/session/172bb6b7-e706-4bf2-8496-ec47212421c9/screenshot [39m[32m200[39m [90m446 ms - 213720[39m
[35m[HTTP][39m [90m[39m
[35m[HTTP][39m [37m-->[39m [37mGET[39m [37m/wd/hub/session/172bb6b7-e706-4bf2-8496-ec47212421c9/source[39m
[35m[HTTP][39m [90m{}[39m
[35m[W3C (172bb6b7)][39m Driver proxy active, passing request on via HTTP proxy
[35m[WD Proxy][39m Replacing sessionId 6f0f349d-b104-4fa5-90e2-5a99cba18cd9 with 172bb6b7-e706-4bf2-8496-ec47212421c9
[35m[HTTP][39m [37m<-- GET /wd/hub/session/172bb6b7-e706-4bf2-8496-ec47212421c9/source [39m[32m200[39m [90m139 ms - 17877[39m
[35m[HTTP][39m [90m[39m
[35m[HTTP][39m [37m-->[39m [37mGET[39m [37m/wd/hub/session/172bb6b7-e706-4bf2-8496-ec47212421c9/screenshot[39m
[35m[HTTP][39m [90m{}[39m
[35m[HTTP][39m [37m<-- GET /wd/hub/session/172bb6b7-e706-4bf2-8496-ec47212421c9/screenshot [39m[32m200[39m [90m475 ms - 213758[39m
[35m[HTTP][39m [90m[39m
[35m[HTTP][39m [37m-->[39m [37mPOST[39m [37m/wd/hub/session/172bb6b7-e706-4bf2-8496-ec47212421c9/elements[39m
[35m[HTTP][39m [90m{"using":"xpath","value":"//*[@class = 'android.widget.EditText' and (@text = 'baek yijin' or . = 'baek yijin') and @resource-id = 'com.solodroid.solomerce:id/edt_name']"}[39m
[35m[HTTP][39m [37m<-- POST /wd/hub/session/172bb6b7-e706-4bf2-8496-ec47212421c9/elements [39m[32m200[39m [90m314 ms - 139[39m
[35m[HTTP][39m [90m[39m
[35m[HTTP][39m [37m-->[39m [37mGET[39m [37m/wd/hub/session/172bb6b7-e706-4bf2-8496-ec47212421c9/window/rect[39m
[35m[HTTP][39m [90m{}[39m
[35m[HTTP][39m [37m<-- GET /wd/hub/session/172bb6b7-e706-4bf2-8496-ec47212421c9/window/rect [39m[32m200[39m [90m29 ms - 50[39m
[35m[HTTP][39m [90m[39m
[35m[HTTP][39m [37m-->[39m [37mPOST[39m [37m/wd/hub/session/172bb6b7-e706-4bf2-8496-ec47212421c9/elements[39m
[35m[HTTP][39m [90m{"using":"xpath","value":"//*[@class = 'android.widget.EditText' and (@text = 'baek yijin' or . = 'baek yijin') and @resource-id = 'com.solodroid.solomerce:id/edt_name']"}[39m
[35m[HTTP][39m [37m<-- POST /wd/hub/session/172bb6b7-e706-4bf2-8496-ec47212421c9/elements [39m[32m200[39m [90m129 ms - 139[39m
[35m[HTTP][39m [90m[39m
[35m[HTTP][39m [37m-->[39m [37mGET[39m [37m/wd/hub/session/172bb6b7-e706-4bf2-8496-ec47212421c9/element/00000000-0000-120f-ffff-ffff0000086c/location[39m
[35m[HTTP][39m [90m{}[39m
[35m[W3C (172bb6b7)][39m Driver proxy active, passing request on via HTTP proxy
[35m[WD Proxy][39m Replacing sessionId 6f0f349d-b104-4fa5-90e2-5a99cba18cd9 with 172bb6b7-e706-4bf2-8496-ec47212421c9
[35m[HTTP][39m [37m<-- GET /wd/hub/session/172bb6b7-e706-4bf2-8496-ec47212421c9/element/00000000-0000-120f-ffff-ffff0000086c/location [39m[32m200[39m [90m38 ms - 77[39m
[35m[HTTP][39m [90m[39m
[35m[HTTP][39m [37m-->[39m [37mPOST[39m [37m/wd/hub/session/172bb6b7-e706-4bf2-8496-ec47212421c9/element/00000000-0000-120f-ffff-ffff0000086c/click[39m
[35m[HTTP][39m [90m{"id":"00000000-0000-120f-ffff-ffff0000086c"}[39m
[35m[HTTP][39m [37m<-- POST /wd/hub/session/172bb6b7-e706-4bf2-8496-ec47212421c9/element/00000000-0000-120f-ffff-ffff0000086c/click [39m[32m200[39m [90m103 ms - 14[39m
[35m[HTTP][39m [90m[39m
[35m[HTTP][39m [37m-->[39m [37mGET[39m [37m/wd/hub/session/172bb6b7-e706-4bf2-8496-ec47212421c9/source[39m
[35m[HTTP][39m [90m{}[39m
[35m[W3C (172bb6b7)][39m Driver proxy active, passing request on via HTTP proxy
[35m[WD Proxy][39m Replacing sessionId 6f0f349d-b104-4fa5-90e2-5a99cba18cd9 with 172bb6b7-e706-4bf2-8496-ec47212421c9
[35m[HTTP][39m [37m<-- GET /wd/hub/session/172bb6b7-e706-4bf2-8496-ec47212421c9/source [39m[32m200[39m [90m476 ms - 15132[39m
[35m[HTTP][39m [90m[39m
[35m[HTTP][39m [37m-->[39m [37mGET[39m [37m/wd/hub/session/172bb6b7-e706-4bf2-8496-ec47212421c9/screenshot[39m
[35m[HTTP][39m [90m{}[39m
[35m[HTTP][39m [37m<-- GET /wd/hub/session/172bb6b7-e706-4bf2-8496-ec47212421c9/screenshot [39m[32m200[39m [90m540 ms - 224428[39m
[35m[HTTP][39m [90m[39m
[35m[HTTP][39m [37m-->[39m [37mPOST[39m [37m/wd/hub/session/172bb6b7-e706-4bf2-8496-ec47212421c9/elements[39m
[35m[HTTP][39m [90m{"using":"xpath","value":"//*[@class = 'android.widget.EditText' and (@text = 'baek yijin' or . = 'baek yijin') and @resource-id = 'com.solodroid.solomerce:id/edt_name']"}[39m
[35m[HTTP][39m [37m<-- POST /wd/hub/session/172bb6b7-e706-4bf2-8496-ec47212421c9/elements [39m[32m200[39m [90m187 ms - 139[39m
[35m[HTTP][39m [90m[39m
[35m[HTTP][39m [37m-->[39m [37mGET[39m [37m/wd/hub/session/172bb6b7-e706-4bf2-8496-ec47212421c9/window/rect[39m
[35m[HTTP][39m [90m{}[39m
[35m[HTTP][39m [37m<-- GET /wd/hub/session/172bb6b7-e706-4bf2-8496-ec47212421c9/window/rect [39m[32m200[39m [90m22 ms - 50[39m
[35m[HTTP][39m [90m[39m
[35m[HTTP][39m [37m-->[39m [37mPOST[39m [37m/wd/hub/session/172bb6b7-e706-4bf2-8496-ec47212421c9/elements[39m
[35m[HTTP][39m [90m{"using":"xpath","value":"//*[@class = 'android.widget.EditText' and (@text = 'baek yijin' or . = 'baek yijin') and @resource-id = 'com.solodroid.solomerce:id/edt_name']"}[39m
[35m[HTTP][39m [37m<-- POST /wd/hub/session/172bb6b7-e706-4bf2-8496-ec47212421c9/elements [39m[32m200[39m [90m150 ms - 139[39m
[35m[HTTP][39m [90m[39m
[35m[HTTP][39m [37m-->[39m [37mGET[39m [37m/wd/hub/session/172bb6b7-e706-4bf2-8496-ec47212421c9/element/00000000-0000-120f-ffff-ffff0000086c/location[39m
[35m[HTTP][39m [90m{}[39m
[35m[W3C (172bb6b7)][39m Driver proxy active, passing request on via HTTP proxy
[35m[WD Proxy][39m Replacing sessionId 6f0f349d-b104-4fa5-90e2-5a99cba18cd9 with 172bb6b7-e706-4bf2-8496-ec47212421c9
[35m[HTTP][39m [37m<-- GET /wd/hub/session/172bb6b7-e706-4bf2-8496-ec47212421c9/element/00000000-0000-120f-ffff-ffff0000086c/location [39m[32m200[39m [90m47 ms - 77[39m
[35m[HTTP][39m [90m[39m
[35m[HTTP][39m [37m-->[39m [37mPOST[39m [37m/wd/hub/session/172bb6b7-e706-4bf2-8496-ec47212421c9/element/00000000-0000-120f-ffff-ffff0000086c/clear[39m
[35m[HTTP][39m [90m{"id":"00000000-0000-120f-ffff-ffff0000086c"}[39m
[35m[HTTP][39m [37m<-- POST /wd/hub/session/172bb6b7-e706-4bf2-8496-ec47212421c9/element/00000000-0000-120f-ffff-ffff0000086c/clear [39m[32m200[39m [90m83 ms - 14[39m
[35m[HTTP][39m [90m[39m
[35m[HTTP][39m [37m-->[39m [37mPOST[39m [37m/wd/hub/session/172bb6b7-e706-4bf2-8496-ec47212421c9/element/00000000-0000-120f-ffff-ffff0000086c/value[39m
[35m[HTTP][39m [90m{"id":"00000000-0000-120f-ffff-ffff0000086c","text":"arina","value":["a","r","i","n","a"]}[39m
[35m[HTTP][39m [37m<-- POST /wd/hub/session/172bb6b7-e706-4bf2-8496-ec47212421c9/element/00000000-0000-120f-ffff-ffff0000086c/value [39m[32m200[39m [90m1315 ms - 14[39m
[35m[HTTP][39m [90m[39m
[35m[HTTP][39m [37m-->[39m [37mGET[39m [37m/wd/hub/session/172bb6b7-e706-4bf2-8496-ec47212421c9/source[39m
[35m[HTTP][39m [90m{}[39m
[35m[W3C (172bb6b7)][39m Driver proxy active, passing request on via HTTP proxy
[35m[WD Proxy][39m Replacing sessionId 6f0f349d-b104-4fa5-90e2-5a99cba18cd9 with 172bb6b7-e706-4bf2-8496-ec47212421c9
[35m[HTTP][39m [37m<-- GET /wd/hub/session/172bb6b7-e706-4bf2-8496-ec47212421c9/source [39m[32m200[39m [90m132 ms - 15127[39m
[35m[HTTP][39m [90m[39m
[35m[HTTP][39m [37m-->[39m [37mGET[39m [37m/wd/hub/session/172bb6b7-e706-4bf2-8496-ec47212421c9/screenshot[39m
[35m[HTTP][39m [90m{}[39m
[35m[HTTP][39m [37m<-- GET /wd/hub/session/172bb6b7-e706-4bf2-8496-ec47212421c9/screenshot [39m[32m200[39m [90m570 ms - 219050[39m
[35m[HTTP][39m [90m[39m
[35m[HTTP][39m [37m-->[39m [37mGET[39m [37m/wd/hub/session/172bb6b7-e706-4bf2-8496-ec47212421c9/source[39m
[35m[HTTP][39m [90m{}[39m
[35m[W3C (172bb6b7)][39m Driver proxy active, passing request on via HTTP proxy
[35m[WD Proxy][39m Replacing sessionId 6f0f349d-b104-4fa5-90e2-5a99cba18cd9 with 172bb6b7-e706-4bf2-8496-ec47212421c9
[35m[HTTP][39m [37m<-- GET /wd/hub/session/172bb6b7-e706-4bf2-8496-ec47212421c9/source [39m[32m200[39m [90m143 ms - 17871[39m
[35m[HTTP][39m [90m[39m
[35m[HTTP][39m [37m-->[39m [37mGET[39m [37m/wd/hub/session/172bb6b7-e706-4bf2-8496-ec47212421c9/screenshot[39m
[35m[HTTP][39m [90m{}[39m
[35m[HTTP][39m [37m<-- GET /wd/hub/session/172bb6b7-e706-4bf2-8496-ec47212421c9/screenshot [39m[32m200[39m [90m472 ms - 210194[39m
[35m[HTTP][39m [90m[39m
[35m[HTTP][39m [37m-->[39m [37mPOST[39m [37m/wd/hub/session/172bb6b7-e706-4bf2-8496-ec47212421c9/elements[39m
[35m[HTTP][39m [90m{"using":"xpath","value":"//*[@class = 'android.widget.EditText' and (@text = 'yijina@gmail.com' or . = 'yijina@gmail.com') and @resource-id = 'com.solodroid.solomerce:id/edt_email']"}[39m
[35m[HTTP][39m [37m<-- POST /wd/hub/session/172bb6b7-e706-4bf2-8496-ec47212421c9/elements [39m[32m200[39m [90m190 ms - 139[39m
[35m[HTTP][39m [90m[39m
[35m[HTTP][39m [37m-->[39m [37mGET[39m [37m/wd/hub/session/172bb6b7-e706-4bf2-8496-ec47212421c9/window/rect[39m
[35m[HTTP][39m [90m{}[39m
[35m[HTTP][39m [37m<-- GET /wd/hub/session/172bb6b7-e706-4bf2-8496-ec47212421c9/window/rect [39m[32m200[39m [90m26 ms - 50[39m
[35m[HTTP][39m [90m[39m
[35m[HTTP][39m [37m-->[39m [37mPOST[39m [37m/wd/hub/session/172bb6b7-e706-4bf2-8496-ec47212421c9/elements[39m
[35m[HTTP][39m [90m{"using":"xpath","value":"//*[@class = 'android.widget.EditText' and (@text = 'yijina@gmail.com' or . = 'yijina@gmail.com') and @resource-id = 'com.solodroid.solomerce:id/edt_email']"}[39m
[35m[HTTP][39m [37m<-- POST /wd/hub/session/172bb6b7-e706-4bf2-8496-ec47212421c9/elements [39m[32m200[39m [90m177 ms - 139[39m
[35m[HTTP][39m [90m[39m
[35m[HTTP][39m [37m-->[39m [37mGET[39m [37m/wd/hub/session/172bb6b7-e706-4bf2-8496-ec47212421c9/element/00000000-0000-120f-ffff-ffff00000878/location[39m
[35m[HTTP][39m [90m{}[39m
[35m[W3C (172bb6b7)][39m Driver proxy active, passing request on via HTTP proxy
[35m[WD Proxy][39m Replacing sessionId 6f0f349d-b104-4fa5-90e2-5a99cba18cd9 with 172bb6b7-e706-4bf2-8496-ec47212421c9
[35m[HTTP][39m [37m<-- GET /wd/hub/session/172bb6b7-e706-4bf2-8496-ec47212421c9/element/00000000-0000-120f-ffff-ffff00000878/location [39m[32m200[39m [90m32 ms - 77[39m
[35m[HTTP][39m [90m[39m
[35m[HTTP][39m [37m-->[39m [37mPOST[39m [37m/wd/hub/session/172bb6b7-e706-4bf2-8496-ec47212421c9/element/00000000-0000-120f-ffff-ffff00000878/clear[39m
[35m[HTTP][39m [90m{"id":"00000000-0000-120f-ffff-ffff00000878"}[39m
[35m[HTTP][39m [37m<-- POST /wd/hub/session/172bb6b7-e706-4bf2-8496-ec47212421c9/element/00000000-0000-120f-ffff-ffff00000878/clear [39m[32m200[39m [90m46 ms - 14[39m
[35m[HTTP][39m [90m[39m
[35m[HTTP][39m [37m-->[39m [37mPOST[39m [37m/wd/hub/session/172bb6b7-e706-4bf2-8496-ec47212421c9/element/00000000-0000-120f-ffff-ffff00000878/value[39m
[35m[HTTP][39m [90m{"id":"00000000-0000-120f-ffff-ffff00000878","text":"arina@gmail.com","value":["a","r","i","n","a","@","g","m","a","i","l",".","c","o","m"]}[39m
[35m[HTTP][39m [37m<-- POST /wd/hub/session/172bb6b7-e706-4bf2-8496-ec47212421c9/element/00000000-0000-120f-ffff-ffff00000878/value [39m[32m200[39m [90m1018 ms - 14[39m
[35m[HTTP][39m [90m[39m
[35m[HTTP][39m [37m-->[39m [37mGET[39m [37m/wd/hub/session/172bb6b7-e706-4bf2-8496-ec47212421c9/source[39m
[35m[HTTP][39m [90m{}[39m
[35m[W3C (172bb6b7)][39m Driver proxy active, passing request on via HTTP proxy
[35m[WD Proxy][39m Replacing sessionId 6f0f349d-b104-4fa5-90e2-5a99cba18cd9 with 172bb6b7-e706-4bf2-8496-ec47212421c9
[35m[HTTP][39m [37m<-- GET /wd/hub/session/172bb6b7-e706-4bf2-8496-ec47212421c9/source [39m[32m200[39m [90m123 ms - 17870[39m
[35m[HTTP][39m [90m[39m
[35m[HTTP][39m [37m-->[39m [37mGET[39m [37m/wd/hub/session/172bb6b7-e706-4bf2-8496-ec47212421c9/screenshot[39m
[35m[HTTP][39m [90m{}[39m
[35m[HTTP][39m [37m<-- GET /wd/hub/session/172bb6b7-e706-4bf2-8496-ec47212421c9/screenshot [39m[32m200[39m [90m541 ms - 208914[39m
[35m[HTTP][39m [90m[39m
[35m[HTTP][39m [37m-->[39m [37mPOST[39m [37m/wd/hub/session/172bb6b7-e706-4bf2-8496-ec47212421c9/elements[39m
[35m[HTTP][39m [90m{"using":"xpath","value":"//*[@class = 'android.widget.EditText' and (@text = '089765004126' or . = '089765004126') and @resource-id = 'com.solodroid.solomerce:id/edt_phone']"}[39m
[35m[HTTP][39m [37m<-- POST /wd/hub/session/172bb6b7-e706-4bf2-8496-ec47212421c9/elements [39m[32m200[39m [90m160 ms - 139[39m
[35m[HTTP][39m [90m[39m
[35m[HTTP][39m [37m-->[39m [37mGET[39m [37m/wd/hub/session/172bb6b7-e706-4bf2-8496-ec47212421c9/window/rect[39m
[35m[HTTP][39m [90m{}[39m
[35m[HTTP][39m [37m<-- GET /wd/hub/session/172bb6b7-e706-4bf2-8496-ec47212421c9/window/rect [39m[32m200[39m [90m22 ms - 50[39m
[35m[HTTP][39m [90m[39m
[35m[HTTP][39m [37m-->[39m [37mPOST[39m [37m/wd/hub/session/172bb6b7-e706-4bf2-8496-ec47212421c9/elements[39m
[35m[HTTP][39m [90m{"using":"xpath","value":"//*[@class = 'android.widget.EditText' and (@text = '089765004126' or . = '089765004126') and @resource-id = 'com.solodroid.solomerce:id/edt_phone']"}[39m
[35m[HTTP][39m [37m<-- POST /wd/hub/session/172bb6b7-e706-4bf2-8496-ec47212421c9/elements [39m[32m200[39m [90m118 ms - 139[39m
[35m[HTTP][39m [90m[39m
[35m[HTTP][39m [37m-->[39m [37mGET[39m [37m/wd/hub/session/172bb6b7-e706-4bf2-8496-ec47212421c9/element/00000000-0000-120f-ffff-ffff00000884/location[39m
[35m[HTTP][39m [90m{}[39m
[35m[W3C (172bb6b7)][39m Driver proxy active, passing request on via HTTP proxy
[35m[WD Proxy][39m Replacing sessionId 6f0f349d-b104-4fa5-90e2-5a99cba18cd9 with 172bb6b7-e706-4bf2-8496-ec47212421c9
[35m[HTTP][39m [37m<-- GET /wd/hub/session/172bb6b7-e706-4bf2-8496-ec47212421c9/element/00000000-0000-120f-ffff-ffff00000884/location [39m[32m200[39m [90m22 ms - 77[39m
[35m[HTTP][39m [90m[39m
[35m[HTTP][39m [37m-->[39m [37mPOST[39m [37m/wd/hub/session/172bb6b7-e706-4bf2-8496-ec47212421c9/element/00000000-0000-120f-ffff-ffff00000884/click[39m
[35m[HTTP][39m [90m{"id":"00000000-0000-120f-ffff-ffff00000884"}[39m
[35m[HTTP][39m [37m<-- POST /wd/hub/session/172bb6b7-e706-4bf2-8496-ec47212421c9/element/00000000-0000-120f-ffff-ffff00000884/click [39m[32m200[39m [90m88 ms - 14[39m
[35m[HTTP][39m [90m[39m
[35m[HTTP][39m [37m-->[39m [37mGET[39m [37m/wd/hub/session/172bb6b7-e706-4bf2-8496-ec47212421c9/source[39m
[35m[HTTP][39m [90m{}[39m
[35m[W3C (172bb6b7)][39m Driver proxy active, passing request on via HTTP proxy
[35m[WD Proxy][39m Replacing sessionId 6f0f349d-b104-4fa5-90e2-5a99cba18cd9 with 172bb6b7-e706-4bf2-8496-ec47212421c9
[35m[HTTP][39m [37m<-- GET /wd/hub/session/172bb6b7-e706-4bf2-8496-ec47212421c9/source [39m[32m200[39m [90m331 ms - 15126[39m
[35m[HTTP][39m [90m[39m
[35m[HTTP][39m [37m-->[39m [37mGET[39m [37m/wd/hub/session/172bb6b7-e706-4bf2-8496-ec47212421c9/screenshot[39m
[35m[HTTP][39m [90m{}[39m
[35m[HTTP][39m [37m<-- GET /wd/hub/session/172bb6b7-e706-4bf2-8496-ec47212421c9/screenshot [39m[32m200[39m [90m480 ms - 214304[39m
[35m[HTTP][39m [90m[39m
[35m[HTTP][39m [37m-->[39m [37mPOST[39m [37m/wd/hub/session/172bb6b7-e706-4bf2-8496-ec47212421c9/elements[39m
[35m[HTTP][39m [90m{"using":"xpath","value":"//*[@class = 'android.widget.EditText' and (@text = '089765004126' or . = '089765004126') and @resource-id = 'com.solodroid.solomerce:id/edt_phone']"}[39m
[35m[HTTP][39m [37m<-- POST /wd/hub/session/172bb6b7-e706-4bf2-8496-ec47212421c9/elements [39m[32m200[39m [90m136 ms - 139[39m
[35m[HTTP][39m [90m[39m
[35m[HTTP][39m [37m-->[39m [37mGET[39m [37m/wd/hub/session/172bb6b7-e706-4bf2-8496-ec47212421c9/window/rect[39m
[35m[HTTP][39m [90m{}[39m
[35m[HTTP][39m [37m<-- GET /wd/hub/session/172bb6b7-e706-4bf2-8496-ec47212421c9/window/rect [39m[32m200[39m [90m18 ms - 50[39m
[35m[HTTP][39m [90m[39m
[35m[HTTP][39m [37m-->[39m [37mPOST[39m [37m/wd/hub/session/172bb6b7-e706-4bf2-8496-ec47212421c9/elements[39m
[35m[HTTP][39m [90m{"using":"xpath","value":"//*[@class = 'android.widget.EditText' and (@text = '089765004126' or . = '089765004126') and @resource-id = 'com.solodroid.solomerce:id/edt_phone']"}[39m
[35m[HTTP][39m [37m<-- POST /wd/hub/session/172bb6b7-e706-4bf2-8496-ec47212421c9/elements [39m[32m200[39m [90m160 ms - 139[39m
[35m[HTTP][39m [90m[39m
[35m[HTTP][39m [37m-->[39m [37mGET[39m [37m/wd/hub/session/172bb6b7-e706-4bf2-8496-ec47212421c9/element/00000000-0000-120f-ffff-ffff00000884/location[39m
[35m[HTTP][39m [90m{}[39m
[35m[W3C (172bb6b7)][39m Driver proxy active, passing request on via HTTP proxy
[35m[WD Proxy][39m Replacing sessionId 6f0f349d-b104-4fa5-90e2-5a99cba18cd9 with 172bb6b7-e706-4bf2-8496-ec47212421c9
[35m[HTTP][39m [37m<-- GET /wd/hub/session/172bb6b7-e706-4bf2-8496-ec47212421c9/element/00000000-0000-120f-ffff-ffff00000884/location [39m[32m200[39m [90m43 ms - 77[39m
[35m[HTTP][39m [90m[39m
[35m[HTTP][39m [37m-->[39m [37mPOST[39m [37m/wd/hub/session/172bb6b7-e706-4bf2-8496-ec47212421c9/element/00000000-0000-120f-ffff-ffff00000884/clear[39m
[35m[HTTP][39m [90m{"id":"00000000-0000-120f-ffff-ffff00000884"}[39m
[35m[HTTP][39m [37m<-- POST /wd/hub/session/172bb6b7-e706-4bf2-8496-ec47212421c9/element/00000000-0000-120f-ffff-ffff00000884/clear [39m[32m200[39m [90m66 ms - 14[39m
[35m[HTTP][39m [90m[39m
[35m[HTTP][39m [37m-->[39m [37mPOST[39m [37m/wd/hub/session/172bb6b7-e706-4bf2-8496-ec47212421c9/element/00000000-0000-120f-ffff-ffff00000884/value[39m
[35m[HTTP][39m [90m{"id":"00000000-0000-120f-ffff-ffff00000884","text":"089776209102","value":["0","8","9","7","7","6","2","0","9","1","0","2"]}[39m
[35m[HTTP][39m [37m<-- POST /wd/hub/session/172bb6b7-e706-4bf2-8496-ec47212421c9/element/00000000-0000-120f-ffff-ffff00000884/value [39m[32m200[39m [90m1325 ms - 14[39m
[35m[HTTP][39m [90m[39m
[35m[HTTP][39m [37m-->[39m [37mGET[39m [37m/wd/hub/session/172bb6b7-e706-4bf2-8496-ec47212421c9/source[39m
[35m[HTTP][39m [90m{}[39m
[35m[W3C (172bb6b7)][39m Driver proxy active, passing request on via HTTP proxy
[35m[WD Proxy][39m Replacing sessionId 6f0f349d-b104-4fa5-90e2-5a99cba18cd9 with 172bb6b7-e706-4bf2-8496-ec47212421c9
[35m[HTTP][39m [37m<-- GET /wd/hub/session/172bb6b7-e706-4bf2-8496-ec47212421c9/source [39m[32m200[39m [90m184 ms - 15126[39m
[35m[HTTP][39m [90m[39m
[35m[HTTP][39m [37m-->[39m [37mGET[39m [37m/wd/hub/session/172bb6b7-e706-4bf2-8496-ec47212421c9/screenshot[39m
[35m[HTTP][39m [90m{}[39m
[35m[HTTP][39m [37m<-- GET /wd/hub/session/172bb6b7-e706-4bf2-8496-ec47212421c9/screenshot [39m[32m200[39m [90m510 ms - 210634[39m
[35m[HTTP][39m [90m[39m
[35m[HTTP][39m [37m-->[39m [37mPOST[39m [37m/wd/hub/session/172bb6b7-e706-4bf2-8496-ec47212421c9/elements[39m
[35m[HTTP][39m [90m{"using":"xpath","value":"//*[@class = 'android.widget.EditText' and (@text = 'arina@gmail.com' or . = 'arina@gmail.com') and @resource-id = 'com.solodroid.solomerce:id/edt_email']"}[39m
[35m[HTTP][39m [37m<-- POST /wd/hub/session/172bb6b7-e706-4bf2-8496-ec47212421c9/elements [39m[32m200[39m [90m156 ms - 139[39m
[35m[HTTP][39m [90m[39m
[35m[HTTP][39m [37m-->[39m [37mGET[39m [37m/wd/hub/session/172bb6b7-e706-4bf2-8496-ec47212421c9/window/rect[39m
[35m[HTTP][39m [90m{}[39m
[35m[HTTP][39m [37m<-- GET /wd/hub/session/172bb6b7-e706-4bf2-8496-ec47212421c9/window/rect [39m[32m200[39m [90m22 ms - 50[39m
[35m[HTTP][39m [90m[39m
[35m[HTTP][39m [37m-->[39m [37mPOST[39m [37m/wd/hub/session/172bb6b7-e706-4bf2-8496-ec47212421c9/elements[39m
[35m[HTTP][39m [90m{"using":"xpath","value":"//*[@class = 'android.widget.EditText' and (@text = 'arina@gmail.com' or . = 'arina@gmail.com') and @resource-id = 'com.solodroid.solomerce:id/edt_email']"}[39m
[35m[HTTP][39m [37m<-- POST /wd/hub/session/172bb6b7-e706-4bf2-8496-ec47212421c9/elements [39m[32m200[39m [90m138 ms - 139[39m
[35m[HTTP][39m [90m[39m
[35m[HTTP][39m [37m-->[39m [37mGET[39m [37m/wd/hub/session/172bb6b7-e706-4bf2-8496-ec47212421c9/element/00000000-0000-120f-ffff-ffff00000878/location[39m
[35m[HTTP][39m [90m{}[39m
[35m[W3C (172bb6b7)][39m Driver proxy active, passing request on via HTTP proxy
[35m[WD Proxy][39m Replacing sessionId 6f0f349d-b104-4fa5-90e2-5a99cba18cd9 with 172bb6b7-e706-4bf2-8496-ec47212421c9
[35m[HTTP][39m [37m<-- GET /wd/hub/session/172bb6b7-e706-4bf2-8496-ec47212421c9/element/00000000-0000-120f-ffff-ffff00000878/location [39m[32m200[39m [90m33 ms - 77[39m
[35m[HTTP][39m [90m[39m
[35m[HTTP][39m [37m-->[39m [37mPOST[39m [37m/wd/hub/session/172bb6b7-e706-4bf2-8496-ec47212421c9/element/00000000-0000-120f-ffff-ffff00000878/click[39m
[35m[HTTP][39m [90m{"id":"00000000-0000-120f-ffff-ffff00000878"}[39m
[35m[HTTP][39m [37m<-- POST /wd/hub/session/172bb6b7-e706-4bf2-8496-ec47212421c9/element/00000000-0000-120f-ffff-ffff00000878/click [39m[32m200[39m [90m679 ms - 14[39m
[35m[HTTP][39m [90m[39m
[35m[HTTP][39m [37m-->[39m [37mGET[39m [37m/wd/hub/session/172bb6b7-e706-4bf2-8496-ec47212421c9/source[39m
[35m[HTTP][39m [90m{}[39m
[35m[W3C (172bb6b7)][39m Driver proxy active, passing request on via HTTP proxy
[35m[WD Proxy][39m Replacing sessionId 6f0f349d-b104-4fa5-90e2-5a99cba18cd9 with 172bb6b7-e706-4bf2-8496-ec47212421c9
[35m[HTTP][39m [37m<-- GET /wd/hub/session/172bb6b7-e706-4bf2-8496-ec47212421c9/source [39m[32m200[39m [90m205 ms - 15126[39m
[35m[HTTP][39m [90m[39m
[35m[HTTP][39m [37m-->[39m [37mGET[39m [37m/wd/hub/session/172bb6b7-e706-4bf2-8496-ec47212421c9/screenshot[39m
[35m[HTTP][39m [90m{}[39m
[35m[HTTP][39m [37m<-- GET /wd/hub/session/172bb6b7-e706-4bf2-8496-ec47212421c9/screenshot [39m[32m200[39m [90m516 ms - 219604[39m
[35m[HTTP][39m [90m[39m
[35m[HTTP][39m [37m-->[39m [37mPOST[39m [37m/wd/hub/session/172bb6b7-e706-4bf2-8496-ec47212421c9/elements[39m
[35m[HTTP][39m [90m{"using":"xpath","value":"//*[@class = 'android.widget.EditText' and (@text = 'jalan embong malang no.12, surabaya' or . = 'jalan embong malang no.12, surabaya') and @resource-id = 'com.solodroid.solomerce:id/edt_address']"}[39m
[35m[HTTP][39m [37m<-- POST /wd/hub/session/172bb6b7-e706-4bf2-8496-ec47212421c9/elements [39m[32m200[39m [90m141 ms - 139[39m
[35m[HTTP][39m [90m[39m
[35m[HTTP][39m [37m-->[39m [37mGET[39m [37m/wd/hub/session/172bb6b7-e706-4bf2-8496-ec47212421c9/window/rect[39m
[35m[HTTP][39m [90m{}[39m
[35m[HTTP][39m [37m<-- GET /wd/hub/session/172bb6b7-e706-4bf2-8496-ec47212421c9/window/rect [39m[32m200[39m [90m20 ms - 50[39m
[35m[HTTP][39m [90m[39m
[35m[HTTP][39m [37m-->[39m [37mPOST[39m [37m/wd/hub/session/172bb6b7-e706-4bf2-8496-ec47212421c9/elements[39m
[35m[HTTP][39m [90m{"using":"xpath","value":"//*[@class = 'android.widget.EditText' and (@text = 'jalan embong malang no.12, surabaya' or . = 'jalan embong malang no.12, surabaya') and @resource-id = 'com.solodroid.solomerce:id/edt_address']"}[39m
[35m[HTTP][39m [37m<-- POST /wd/hub/session/172bb6b7-e706-4bf2-8496-ec47212421c9/elements [39m[32m200[39m [90m153 ms - 139[39m
[35m[HTTP][39m [90m[39m
[35m[HTTP][39m [37m-->[39m [37mGET[39m [37m/wd/hub/session/172bb6b7-e706-4bf2-8496-ec47212421c9/element/00000000-0000-120f-ffff-ffff00000890/location[39m
[35m[HTTP][39m [90m{}[39m
[35m[W3C (172bb6b7)][39m Driver proxy active, passing request on via HTTP proxy
[35m[WD Proxy][39m Replacing sessionId 6f0f349d-b104-4fa5-90e2-5a99cba18cd9 with 172bb6b7-e706-4bf2-8496-ec47212421c9
[35m[HTTP][39m [37m<-- GET /wd/hub/session/172bb6b7-e706-4bf2-8496-ec47212421c9/element/00000000-0000-120f-ffff-ffff00000890/location [39m[32m200[39m [90m32 ms - 77[39m
[35m[HTTP][39m [90m[39m
[35m[HTTP][39m [37m-->[39m [37mPOST[39m [37m/wd/hub/session/172bb6b7-e706-4bf2-8496-ec47212421c9/element/00000000-0000-120f-ffff-ffff00000890/click[39m
[35m[HTTP][39m [90m{"id":"00000000-0000-120f-ffff-ffff00000890"}[39m
[35m[HTTP][39m [37m<-- POST /wd/hub/session/172bb6b7-e706-4bf2-8496-ec47212421c9/element/00000000-0000-120f-ffff-ffff00000890/click [39m[32m200[39m [90m80 ms - 14[39m
[35m[HTTP][39m [90m[39m
[35m[HTTP][39m [37m-->[39m [37mGET[39m [37m/wd/hub/session/172bb6b7-e706-4bf2-8496-ec47212421c9/source[39m
[35m[HTTP][39m [90m{}[39m
[35m[W3C (172bb6b7)][39m Driver proxy active, passing request on via HTTP proxy
[35m[WD Proxy][39m Replacing sessionId 6f0f349d-b104-4fa5-90e2-5a99cba18cd9 with 172bb6b7-e706-4bf2-8496-ec47212421c9
[35m[HTTP][39m [37m<-- GET /wd/hub/session/172bb6b7-e706-4bf2-8496-ec47212421c9/source [39m[32m200[39m [90m146 ms - 15126[39m
[35m[HTTP][39m [90m[39m
[35m[HTTP][39m [37m-->[39m [37mGET[39m [37m/wd/hub/session/172bb6b7-e706-4bf2-8496-ec47212421c9/screenshot[39m
[35m[HTTP][39m [90m{}[39m
[35m[HTTP][39m [37m<-- GET /wd/hub/session/172bb6b7-e706-4bf2-8496-ec47212421c9/screenshot [39m[32m200[39m [90m494 ms - 217242[39m
[35m[HTTP][39m [90m[39m
[35m[HTTP][39m [37m-->[39m [37mPOST[39m [37m/wd/hub/session/172bb6b7-e706-4bf2-8496-ec47212421c9/elements[39m
[35m[HTTP][39m [90m{"using":"xpath","value":"//*[@class = 'android.widget.EditText' and (@text = 'jalan embong malang no.12, surabaya' or . = 'jalan embong malang no.12, surabaya') and @resource-id = 'com.solodroid.solomerce:id/edt_address']"}[39m
[35m[HTTP][39m [37m<-- POST /wd/hub/session/172bb6b7-e706-4bf2-8496-ec47212421c9/elements [39m[32m200[39m [90m166 ms - 139[39m
[35m[HTTP][39m [90m[39m
[35m[HTTP][39m [37m-->[39m [37mGET[39m [37m/wd/hub/session/172bb6b7-e706-4bf2-8496-ec47212421c9/window/rect[39m
[35m[HTTP][39m [90m{}[39m
[35m[HTTP][39m [37m<-- GET /wd/hub/session/172bb6b7-e706-4bf2-8496-ec47212421c9/window/rect [39m[32m200[39m [90m25 ms - 50[39m
[35m[HTTP][39m [90m[39m
[35m[HTTP][39m [37m-->[39m [37mPOST[39m [37m/wd/hub/session/172bb6b7-e706-4bf2-8496-ec47212421c9/elements[39m
[35m[HTTP][39m [90m{"using":"xpath","value":"//*[@class = 'android.widget.EditText' and (@text = 'jalan embong malang no.12, surabaya' or . = 'jalan embong malang no.12, surabaya') and @resource-id = 'com.solodroid.solomerce:id/edt_address']"}[39m
[35m[HTTP][39m [37m<-- POST /wd/hub/session/172bb6b7-e706-4bf2-8496-ec47212421c9/elements [39m[32m200[39m [90m161 ms - 139[39m
[35m[HTTP][39m [90m[39m
[35m[HTTP][39m [37m-->[39m [37mGET[39m [37m/wd/hub/session/172bb6b7-e706-4bf2-8496-ec47212421c9/element/00000000-0000-120f-ffff-ffff00000890/location[39m
[35m[HTTP][39m [90m{}[39m
[35m[W3C (172bb6b7)][39m Driver proxy active, passing request on via HTTP proxy
[35m[WD Proxy][39m Replacing sessionId 6f0f349d-b104-4fa5-90e2-5a99cba18cd9 with 172bb6b7-e706-4bf2-8496-ec47212421c9
[35m[HTTP][39m [37m<-- GET /wd/hub/session/172bb6b7-e706-4bf2-8496-ec47212421c9/element/00000000-0000-120f-ffff-ffff00000890/location [39m[32m200[39m [90m33 ms - 77[39m
[35m[HTTP][39m [90m[39m
[35m[HTTP][39m [37m-->[39m [37mPOST[39m [37m/wd/hub/session/172bb6b7-e706-4bf2-8496-ec47212421c9/element/00000000-0000-120f-ffff-ffff00000890/clear[39m
[35m[HTTP][39m [90m{"id":"00000000-0000-120f-ffff-ffff00000890"}[39m
[35m[HTTP][39m [37m<-- POST /wd/hub/session/172bb6b7-e706-4bf2-8496-ec47212421c9/element/00000000-0000-120f-ffff-ffff00000890/clear [39m[32m200[39m [90m68 ms - 14[39m
[35m[HTTP][39m [90m[39m
[35m[HTTP][39m [37m-->[39m [37mPOST[39m [37m/wd/hub/session/172bb6b7-e706-4bf2-8496-ec47212421c9/element/00000000-0000-120f-ffff-ffff00000890/value[39m
[35m[HTTP][39m [90m{"id":"00000000-0000-120f-ffff-ffff00000890","text":"jalan panglima sudirman no. 40","value":["j","a","l","a","n"," ","p","a","n","g","l","i","m","a"," ","s","u","d","i","r","m","a","n"," ","n","o","."," ","4","0"]}[39m
[35m[HTTP][39m [37m<-- POST /wd/hub/session/172bb6b7-e706-4bf2-8496-ec47212421c9/element/00000000-0000-120f-ffff-ffff00000890/value [39m[32m200[39m [90m1278 ms - 14[39m
[35m[HTTP][39m [90m[39m
[35m[HTTP][39m [37m-->[39m [37mGET[39m [37m/wd/hub/session/172bb6b7-e706-4bf2-8496-ec47212421c9/source[39m
[35m[HTTP][39m [90m{}[39m
[35m[W3C (172bb6b7)][39m Driver proxy active, passing request on via HTTP proxy
[35m[WD Proxy][39m Replacing sessionId 6f0f349d-b104-4fa5-90e2-5a99cba18cd9 with 172bb6b7-e706-4bf2-8496-ec47212421c9
[35m[HTTP][39m [37m<-- GET /wd/hub/session/172bb6b7-e706-4bf2-8496-ec47212421c9/source [39m[32m200[39m [90m128 ms - 15121[39m
[35m[HTTP][39m [90m[39m
[35m[HTTP][39m [37m-->[39m [37mGET[39m [37m/wd/hub/session/172bb6b7-e706-4bf2-8496-ec47212421c9/screenshot[39m
[35m[HTTP][39m [90m{}[39m
[35m[HTTP][39m [37m<-- GET /wd/hub/session/172bb6b7-e706-4bf2-8496-ec47212421c9/screenshot [39m[32m200[39m [90m498 ms - 211906[39m
[35m[HTTP][39m [90m[39m
[35m[HTTP][39m [37m-->[39m [37mGET[39m [37m/wd/hub/session/172bb6b7-e706-4bf2-8496-ec47212421c9/source[39m
[35m[HTTP][39m [90m{}[39m
[35m[W3C (172bb6b7)][39m Driver proxy active, passing request on via HTTP proxy
[35m[WD Proxy][39m Replacing sessionId 6f0f349d-b104-4fa5-90e2-5a99cba18cd9 with 172bb6b7-e706-4bf2-8496-ec47212421c9
[35m[HTTP][39m [37m<-- GET /wd/hub/session/172bb6b7-e706-4bf2-8496-ec47212421c9/source [39m[32m200[39m [90m135 ms - 17865[39m
[35m[HTTP][39m [90m[39m
[35m[HTTP][39m [37m-->[39m [37mGET[39m [37m/wd/hub/session/172bb6b7-e706-4bf2-8496-ec47212421c9/screenshot[39m
[35m[HTTP][39m [90m{}[39m
[35m[HTTP][39m [37m<-- GET /wd/hub/session/172bb6b7-e706-4bf2-8496-ec47212421c9/screenshot [39m[32m200[39m [90m506 ms - 204832[39m
[35m[HTTP][39m [90m[39m
[35m[HTTP][39m [37m-->[39m [37mPOST[39m [37m/wd/hub/session/172bb6b7-e706-4bf2-8496-ec47212421c9/elements[39m
[35m[HTTP][39m [90m{"using":"xpath","value":"//*[@class = 'android.widget.Button' and (@text = 'PROCESS CHECKOUT' or . = 'PROCESS CHECKOUT') and @resource-id = 'com.solodroid.solomerce:id/btn_submit_order']"}[39m
[35m[HTTP][39m [37m<-- POST /wd/hub/session/172bb6b7-e706-4bf2-8496-ec47212421c9/elements [39m[32m200[39m [90m177 ms - 139[39m
[35m[HTTP][39m [90m[39m
[35m[HTTP][39m [37m-->[39m [37mGET[39m [37m/wd/hub/session/172bb6b7-e706-4bf2-8496-ec47212421c9/window/rect[39m
[35m[HTTP][39m [90m{}[39m
[35m[HTTP][39m [37m<-- GET /wd/hub/session/172bb6b7-e706-4bf2-8496-ec47212421c9/window/rect [39m[32m200[39m [90m27 ms - 50[39m
[35m[HTTP][39m [90m[39m
[35m[HTTP][39m [37m-->[39m [37mPOST[39m [37m/wd/hub/session/172bb6b7-e706-4bf2-8496-ec47212421c9/elements[39m
[35m[HTTP][39m [90m{"using":"xpath","value":"//*[@class = 'android.widget.Button' and (@text = 'PROCESS CHECKOUT' or . = 'PROCESS CHECKOUT') and @resource-id = 'com.solodroid.solomerce:id/btn_submit_order']"}[39m
[35m[HTTP][39m [37m<-- POST /wd/hub/session/172bb6b7-e706-4bf2-8496-ec47212421c9/elements [39m[32m200[39m [90m154 ms - 139[39m
[35m[HTTP][39m [90m[39m
[35m[HTTP][39m [37m-->[39m [37mGET[39m [37m/wd/hub/session/172bb6b7-e706-4bf2-8496-ec47212421c9/element/00000000-0000-120f-ffff-ffff000008cd/location[39m
[35m[HTTP][39m [90m{}[39m
[35m[W3C (172bb6b7)][39m Driver proxy active, passing request on via HTTP proxy
[35m[WD Proxy][39m Replacing sessionId 6f0f349d-b104-4fa5-90e2-5a99cba18cd9 with 172bb6b7-e706-4bf2-8496-ec47212421c9
[35m[HTTP][39m [37m<-- GET /wd/hub/session/172bb6b7-e706-4bf2-8496-ec47212421c9/element/00000000-0000-120f-ffff-ffff000008cd/location [39m[32m200[39m [90m42 ms - 77[39m
[35m[HTTP][39m [90m[39m
[35m[HTTP][39m [37m-->[39m [37mPOST[39m [37m/wd/hub/session/172bb6b7-e706-4bf2-8496-ec47212421c9/element/00000000-0000-120f-ffff-ffff000008cd/click[39m
[35m[HTTP][39m [90m{"id":"00000000-0000-120f-ffff-ffff000008cd"}[39m
[35m[HTTP][39m [37m<-- POST /wd/hub/session/172bb6b7-e706-4bf2-8496-ec47212421c9/element/00000000-0000-120f-ffff-ffff000008cd/click [39m[32m200[39m [90m82 ms - 14[39m
[35m[HTTP][39m [90m[39m
[35m[HTTP][39m [37m-->[39m [37mGET[39m [37m/wd/hub/session/172bb6b7-e706-4bf2-8496-ec47212421c9/source[39m
[35m[HTTP][39m [90m{}[39m
[35m[W3C (172bb6b7)][39m Driver proxy active, passing request on via HTTP proxy
[35m[WD Proxy][39m Replacing sessionId 6f0f349d-b104-4fa5-90e2-5a99cba18cd9 with 172bb6b7-e706-4bf2-8496-ec47212421c9
[35m[HTTP][39m [37m<-- GET /wd/hub/session/172bb6b7-e706-4bf2-8496-ec47212421c9/source [39m[32m200[39m [90m456 ms - 7330[39m
[35m[HTTP][39m [90m[39m
[35m[HTTP][39m [37m-->[39m [37mGET[39m [37m/wd/hub/session/172bb6b7-e706-4bf2-8496-ec47212421c9/screenshot[39m
[35m[HTTP][39m [90m{}[39m
[35m[HTTP][39m [37m<-- GET /wd/hub/session/172bb6b7-e706-4bf2-8496-ec47212421c9/screenshot [39m[32m200[39m [90m522 ms - 210778[39m
[35m[HTTP][39m [90m[39m
[35m[HTTP][39m [37m-->[39m [37mPOST[39m [37m/wd/hub/session/172bb6b7-e706-4bf2-8496-ec47212421c9/elements[39m
[35m[HTTP][39m [90m{"using":"xpath","value":"//*[@class = 'android.widget.Button' and (@text = 'YES' or . = 'YES') and @resource-id = 'android:id/button1']"}[39m
[35m[HTTP][39m [37m<-- POST /wd/hub/session/172bb6b7-e706-4bf2-8496-ec47212421c9/elements [39m[32m200[39m [90m113 ms - 139[39m
[35m[HTTP][39m [90m[39m
[35m[HTTP][39m [37m-->[39m [37mGET[39m [37m/wd/hub/session/172bb6b7-e706-4bf2-8496-ec47212421c9/window/rect[39m
[35m[HTTP][39m [90m{}[39m
[35m[HTTP][39m [37m<-- GET /wd/hub/session/172bb6b7-e706-4bf2-8496-ec47212421c9/window/rect [39m[32m200[39m [90m19 ms - 50[39m
[35m[HTTP][39m [90m[39m
[35m[HTTP][39m [37m-->[39m [37mPOST[39m [37m/wd/hub/session/172bb6b7-e706-4bf2-8496-ec47212421c9/elements[39m
[35m[HTTP][39m [90m{"using":"xpath","value":"//*[@class = 'android.widget.Button' and (@text = 'YES' or . = 'YES') and @resource-id = 'android:id/button1']"}[39m
[35m[HTTP][39m [37m<-- POST /wd/hub/session/172bb6b7-e706-4bf2-8496-ec47212421c9/elements [39m[32m200[39m [90m103 ms - 139[39m
[35m[HTTP][39m [90m[39m
[35m[HTTP][39m [37m-->[39m [37mGET[39m [37m/wd/hub/session/172bb6b7-e706-4bf2-8496-ec47212421c9/element/00000000-0000-123a-ffff-ffff000008ff/location[39m
[35m[HTTP][39m [90m{}[39m
[35m[W3C (172bb6b7)][39m Driver proxy active, passing request on via HTTP proxy
[35m[WD Proxy][39m Replacing sessionId 6f0f349d-b104-4fa5-90e2-5a99cba18cd9 with 172bb6b7-e706-4bf2-8496-ec47212421c9
[35m[HTTP][39m [37m<-- GET /wd/hub/session/172bb6b7-e706-4bf2-8496-ec47212421c9/element/00000000-0000-123a-ffff-ffff000008ff/location [39m[32m200[39m [90m37 ms - 79[39m
[35m[HTTP][39m [90m[39m
[35m[HTTP][39m [37m-->[39m [37mPOST[39m [37m/wd/hub/session/172bb6b7-e706-4bf2-8496-ec47212421c9/element/00000000-0000-123a-ffff-ffff000008ff/click[39m
[35m[HTTP][39m [90m{"id":"00000000-0000-123a-ffff-ffff000008ff"}[39m
[35m[HTTP][39m [37m<-- POST /wd/hub/session/172bb6b7-e706-4bf2-8496-ec47212421c9/element/00000000-0000-123a-ffff-ffff000008ff/click [39m[32m200[39m [90m81 ms - 14[39m
[35m[HTTP][39m [90m[39m
[35m[HTTP][39m [37m-->[39m [37mGET[39m [37m/wd/hub/session/172bb6b7-e706-4bf2-8496-ec47212421c9/source[39m
[35m[HTTP][39m [90m{}[39m
[35m[W3C (172bb6b7)][39m Driver proxy active, passing request on via HTTP proxy
[35m[WD Proxy][39m Replacing sessionId 6f0f349d-b104-4fa5-90e2-5a99cba18cd9 with 172bb6b7-e706-4bf2-8496-ec47212421c9
[35m[HTTP][39m [37m<-- GET /wd/hub/session/172bb6b7-e706-4bf2-8496-ec47212421c9/source [39m[32m200[39m [90m67 ms - 6073[39m
[35m[HTTP][39m [90m[39m
[35m[HTTP][39m [37m-->[39m [37mGET[39m [37m/wd/hub/session/172bb6b7-e706-4bf2-8496-ec47212421c9/screenshot[39m
[35m[HTTP][39m [90m{}[39m
[35m[HTTP][39m [37m<-- GET /wd/hub/session/172bb6b7-e706-4bf2-8496-ec47212421c9/screenshot [39m[32m200[39m [90m489 ms - 204980[39m
[35m[HTTP][39m [90m[39m
[35m[HTTP][39m [37m-->[39m [37mGET[39m [37m/wd/hub/session/172bb6b7-e706-4bf2-8496-ec47212421c9/source[39m
[35m[HTTP][39m [90m{}[39m
[35m[W3C (172bb6b7)][39m Driver proxy active, passing request on via HTTP proxy
[35m[WD Proxy][39m Replacing sessionId 6f0f349d-b104-4fa5-90e2-5a99cba18cd9 with 172bb6b7-e706-4bf2-8496-ec47212421c9
[35m[HTTP][39m [37m<-- GET /wd/hub/session/172bb6b7-e706-4bf2-8496-ec47212421c9/source [39m[32m200[39m [90m68 ms - 6073[39m
[35m[HTTP][39m [90m[39m
[35m[HTTP][39m [37m-->[39m [37mGET[39m [37m/wd/hub/session/172bb6b7-e706-4bf2-8496-ec47212421c9/screenshot[39m
[35m[HTTP][39m [90m{}[39m
[35m[HTTP][39m [37m<-- GET /wd/hub/session/172bb6b7-e706-4bf2-8496-ec47212421c9/screenshot [39m[32m200[39m [90m467 ms - 203442[39m
[35m[HTTP][39m [90m[39m
[35m[HTTP][39m [37m-->[39m [37mGET[39m [37m/wd/hub/session/172bb6b7-e706-4bf2-8496-ec47212421c9/source[39m
[35m[HTTP][39m [90m{}[39m
[35m[W3C (172bb6b7)][39m Driver proxy active, passing request on via HTTP proxy
[35m[WD Proxy][39m Replacing sessionId 6f0f349d-b104-4fa5-90e2-5a99cba18cd9 with 172bb6b7-e706-4bf2-8496-ec47212421c9
[35m[HTTP][39m [37m<-- GET /wd/hub/session/172bb6b7-e706-4bf2-8496-ec47212421c9/source [39m[32m200[39m [90m65 ms - 7003[39m
[35m[HTTP][39m [90m[39m
[35m[HTTP][39m [37m-->[39m [37mGET[39m [37m/wd/hub/session/172bb6b7-e706-4bf2-8496-ec47212421c9/screenshot[39m
[35m[HTTP][39m [90m{}[39m
[35m[HTTP][39m [37m<-- GET /wd/hub/session/172bb6b7-e706-4bf2-8496-ec47212421c9/screenshot [39m[32m200[39m [90m526 ms - 231828[39m
[35m[HTTP][39m [90m[39m
[35m[HTTP][39m [37m-->[39m [37mPOST[39m [37m/wd/hub/session/172bb6b7-e706-4bf2-8496-ec47212421c9/elements[39m
[35m[HTTP][39m [90m{"using":"xpath","value":"//*[@class = 'android.widget.Button' and (@text = 'OK' or . = 'OK') and @resource-id = 'android:id/button1']"}[39m
[35m[HTTP][39m [37m<-- POST /wd/hub/session/172bb6b7-e706-4bf2-8496-ec47212421c9/elements [39m[32m200[39m [90m113 ms - 139[39m
[35m[HTTP][39m [90m[39m
[35m[HTTP][39m [37m-->[39m [37mGET[39m [37m/wd/hub/session/172bb6b7-e706-4bf2-8496-ec47212421c9/window/rect[39m
[35m[HTTP][39m [90m{}[39m
[35m[HTTP][39m [37m<-- GET /wd/hub/session/172bb6b7-e706-4bf2-8496-ec47212421c9/window/rect [39m[32m200[39m [90m19 ms - 50[39m
[35m[HTTP][39m [90m[39m
[35m[HTTP][39m [37m-->[39m [37mPOST[39m [37m/wd/hub/session/172bb6b7-e706-4bf2-8496-ec47212421c9/elements[39m
[35m[HTTP][39m [90m{"using":"xpath","value":"//*[@class = 'android.widget.Button' and (@text = 'OK' or . = 'OK') and @resource-id = 'android:id/button1']"}[39m
[35m[HTTP][39m [37m<-- POST /wd/hub/session/172bb6b7-e706-4bf2-8496-ec47212421c9/elements [39m[32m200[39m [90m100 ms - 139[39m
[35m[HTTP][39m [90m[39m
[35m[HTTP][39m [37m-->[39m [37mGET[39m [37m/wd/hub/session/172bb6b7-e706-4bf2-8496-ec47212421c9/element/00000000-0000-123c-ffff-ffff00000931/location[39m
[35m[HTTP][39m [90m{}[39m
[35m[W3C (172bb6b7)][39m Driver proxy active, passing request on via HTTP proxy
[35m[WD Proxy][39m Replacing sessionId 6f0f349d-b104-4fa5-90e2-5a99cba18cd9 with 172bb6b7-e706-4bf2-8496-ec47212421c9
[35m[HTTP][39m [37m<-- GET /wd/hub/session/172bb6b7-e706-4bf2-8496-ec47212421c9/element/00000000-0000-123c-ffff-ffff00000931/location [39m[32m200[39m [90m34 ms - 79[39m
[35m[HTTP][39m [90m[39m
[35m[HTTP][39m [37m-->[39m [37mPOST[39m [37m/wd/hub/session/172bb6b7-e706-4bf2-8496-ec47212421c9/element/00000000-0000-123c-ffff-ffff00000931/click[39m
[35m[HTTP][39m [90m{"id":"00000000-0000-123c-ffff-ffff00000931"}[39m
[35m[HTTP][39m [37m<-- POST /wd/hub/session/172bb6b7-e706-4bf2-8496-ec47212421c9/element/00000000-0000-123c-ffff-ffff00000931/click [39m[32m200[39m [90m83 ms - 14[39m
[35m[HTTP][39m [90m[39m
[35m[HTTP][39m [37m-->[39m [37mGET[39m [37m/wd/hub/session/172bb6b7-e706-4bf2-8496-ec47212421c9/source[39m
[35m[HTTP][39m [90m{}[39m
[35m[W3C (172bb6b7)][39m Driver proxy active, passing request on via HTTP proxy
[35m[WD Proxy][39m Replacing sessionId 6f0f349d-b104-4fa5-90e2-5a99cba18cd9 with 172bb6b7-e706-4bf2-8496-ec47212421c9
[35m[HTTP][39m [37m<-- GET /wd/hub/session/172bb6b7-e706-4bf2-8496-ec47212421c9/source [39m[32m200[39m [90m574 ms - 34506[39m
[35m[HTTP][39m [90m[39m
[35m[HTTP][39m [37m-->[39m [37mGET[39m [37m/wd/hub/session/172bb6b7-e706-4bf2-8496-ec47212421c9/screenshot[39m
[35m[HTTP][39m [90m{}[39m
[35m[HTTP][39m [37m<-- GET /wd/hub/session/172bb6b7-e706-4bf2-8496-ec47212421c9/screenshot [39m[32m200[39m [90m1447 ms - 1962542[39m
[35m[HTTP][39m [90m[39m
[35m[HTTP][39m [37m-->[39m [37mDELETE[39m [37m/wd/hub/session/172bb6b7-e706-4bf2-8496-ec47212421c9[39m
[35m[HTTP][39m [90m{}[39m
[35m[Appium][39m Removing session 172bb6b7-e706-4bf2-8496-ec47212421c9 from our master session list
[35m[UiAutomator2][39m Restoring hidden api policy to the device default configuration
[35m[HTTP][39m [37m<-- DELETE /wd/hub/session/172bb6b7-e706-4bf2-8496-ec47212421c9 [39m[32m200[39m [90m549 ms - 14[39m
[35m[HTTP][39m [90m[39m
